5896, 32629, 40462, 25915, 43686, 32195, 15760, 26949, 56963, 26935, 4849, 39922, 48734, 45272, 39751, 43394, 23519, 23449, 35859, 36197, 60844, 52516, 10574, 45875, 2893, 11347, 44221, 57274, 37779, 55826, 34531, 35593, 15305, 55293, 50462, 54122, 23324, 36866, 24398, 44839, 61539, 56827, 47791, 35074, 28635, 50600, 9284, 60351, 24778, 48846, 37209, 26086, 20175, 64610, 26222, 20503, 7122, 39017, 38019, 39219, 14302, 3425, 52754, 17516, 50992, 58199, 8117, 49317, 16012, 63515, 46161, 48598, 32775, 20269, 2126, 44489, 64292, 52298, 23663, 37727, 56743, 49401, 42481, 19204, 56058, 47593, 52438, 62478, 37030, 28214, 31514, 41171, 4753, 15481, 18185, 64146, 42364, 7084, 32623, 63989, 11895, 26881, 25193, 25361, 25665, 31141, 1916, 10452, 17193, 23024, 50099, 24682, 53946, 41081, 20165, 60870, 48948, 48449, 30295, 36938
5, 12, 8, 9, 8, 10, 7, 7, 9, 9, 7, 10, 11, 7, 9, 6, 12, 9, 6, 8, 10, 7, 7, 9, 7, 7, 10, 12, 8, 7, 8, 6, 9, 13, 8, 9, 8, 3, 10, 10, 8, 13, 11, 4, 12, 7, 4, 13, 6, 11, 7, 9, 10, 9, 9, 6, 8, 7, 6, 8, 11, 6, 7, 6, 7, 10, 10, 6, 8, 9, 7, 11, 4, 9, 5, 9, 9, 7, 10, 10, 11, 8, 9, 5, 11, 10, 9, 8, 6, 9, 9, 7, 5, 9, 6, 9, 9, 8, 13, 12, 10, 5, 7, 6, 5, 9, 8, 6, 6, 8, 9, 6, 9, 7, 8, 10, 10, 8, 10, 5

36866|3
9284|4
32775|4
35074|4
2126|5
4753|5
5896|5
19204|5
25665|5
26881|5
36938|5
3425|6
10452|6
17193|6
17516|6
18185|6
20503|6
24682|6
24778|6
25361|6
35593|6
35859|6
37030|6
38019|6
43394|6
49317|6
2893|7
4849|7
10574|7
11347|7
15760|7
25193|7
26949|7
37209|7
39017|7
41081|7
41171|7
45272|7
46161|7
50600|7
50992|7
52298|7
52516|7
52754|7
55826|7
1916|8
7084|8
7122|8
16012|8
20165|8
23024|8
23324|8
34531|8
36197|8
37779|8
39219|8
40462|8
43686|8
48449|8
49401|8
50462|8
61539|8
62478|8
15305|9
15481|9
20269|9
23449|9
25915|9
26086|9
26222|9
26935|9
28214|9
31141|9
31514|9
39751|9
42364|9
42481|9
44489|9
45875|9
50099|9
52438|9
53946|9
54122|9
56963|9
63515|9
64146|9
64292|9
64610|9
8117|10
11895|10
20175|10
23663|10
24398|10
30295|10
32195|10
37727|10
39922|10
44221|10
44839|10
47593|10
48948|10
58199|10
60844|10
60870|10
14302|11
47791|11
48598|11
48734|11
48846|11
56058|11
56743|11
23519|12
28635|12
32629|12
57274|12
63989|12
32623|13
55293|13
56827|13
60351|13
